<?xml version="1.0" encoding="UTF-8"?>
<Site BuildName="Win32-ninja"
	BuildStamp="20240808-1623-Experimental"
	Name="DESKTOP-MUQ582V"
	Generator="ctest-3.30.2"
	CompilerName="C:/MinGW/bin/c++.exe"
	CompilerVersion="6.3.0"
	OSName="Windows"
	Hostname="DESKTOP-MUQ582V"
	OSRelease=" Personal"
	OSVersion=" (Build 19045)"
	OSPlatform="AMD64"
	Is64Bits="1"
	VendorString="AuthenticAMD"
	VendorID="Advanced Micro Devices"
	FamilyID="15"
	ModelID="1"
	ProcessorCacheSize="64"
	NumberOfLogicalCPU="12"
	NumberOfPhysicalCPU="6"
	TotalVirtualMemory="37546"
	TotalPhysicalMemory="32682"
	LogicalProcessorsPerPhysical="2"
	ProcessorClockFrequency="3500"
	>
	<Testing>
		<StartDateTime>Aug 08 19:02 V[NON-UTF-8-BYTE-0xE4]steuropa, sommartid</StartDateTime>
		<StartTestTime>1723136522</StartTestTime>
		<TestList/>
		<EndDateTime>Aug 08 19:02 V[NON-UTF-8-BYTE-0xE4]steuropa, sommartid</EndDateTime>
		<EndTestTime>1723136522</EndTestTime>
		<ElapsedMinutes>0</ElapsedMinutes>
	</Testing>
</Site>
